[06-Oct-2025 12:59:41 UTC] Parser stabilized after 2 iterations
[06-Oct-2025 12:59:41 UTC] Creating isolated scope - Params: [], Vars: [], Final: []
[06-Oct-2025 12:59:41 UTC] Creating isolated scope - Params: {"name":"No header title","class":"","id":""}, Vars: {"name":"Performance Overview","test":"test"}, Final: {"name":"Performance Overview","class":"","id":"","test":"test"}
[06-Oct-2025 12:59:41 UTC] Creating isolated scope - Params: {"name":"No header title","class":"","id":""}, Vars: {"name":"Test Results Summary"}, Final: {"name":"Test Results Summary","class":"","id":""}
[06-Oct-2025 12:59:41 UTC] Creating isolated scope - Params: {"name":"No header title","class":"","id":""}, Vars: {"name":"Detailed Test Results"}, Final: {"name":"Detailed Test Results","class":"","id":""}
[06-Oct-2025 12:59:41 UTC] [2025-10-06T12:59:41+00:00] GET http://localhost:8000/ – 200 (15.63ms)
[06-Oct-2025 13:00:41 UTC] Parser stabilized after 2 iterations
[06-Oct-2025 13:00:41 UTC] Creating isolated scope - Params: [], Vars: [], Final: []
[06-Oct-2025 13:00:41 UTC] Creating isolated scope - Params: {"name":"No header title","class":"","id":""}, Vars: [], Final: {"name":"No header title","class":"","id":""}
[06-Oct-2025 13:00:41 UTC] Creating isolated scope - Params: {"name":"No header title","class":"","id":""}, Vars: [], Final: {"name":"No header title","class":"","id":""}
[06-Oct-2025 13:00:41 UTC] Creating isolated scope - Params: {"name":"No header title","class":"","id":""}, Vars: [], Final: {"name":"No header title","class":"","id":""}
[06-Oct-2025 13:00:41 UTC] [2025-10-06T13:00:41+00:00] GET http://localhost:8000/ – 200 (21.25ms)
[06-Oct-2025 13:01:12 UTC] Parser stabilized after 2 iterations
[06-Oct-2025 13:01:12 UTC] Creating isolated scope - Params: [], Vars: [], Final: []
[06-Oct-2025 13:01:12 UTC] Creating isolated scope - Params: {"name":"No header title","class":"","id":""}, Vars: [], Final: {"name":"No header title","class":"","id":""}
[06-Oct-2025 13:01:12 UTC] Creating isolated scope - Params: {"name":"No header title","class":"","id":""}, Vars: [], Final: {"name":"No header title","class":"","id":""}
[06-Oct-2025 13:01:12 UTC] Creating isolated scope - Params: {"name":"No header title","class":"","id":""}, Vars: [], Final: {"name":"No header title","class":"","id":""}
[06-Oct-2025 13:01:12 UTC] [2025-10-06T13:01:12+00:00] GET http://localhost:8000/ – 200 (20.37ms)
[06-Oct-2025 13:11:01 UTC] Parser stabilized after 2 iterations
[06-Oct-2025 13:11:01 UTC] Creating isolated scope - Params: [], Vars: [], Final: []
[06-Oct-2025 13:11:01 UTC] Creating isolated scope - Params: {"name":"No header title","class":"","id":""}, Vars: [], Final: {"name":"No header title","class":"","id":""}
[06-Oct-2025 13:11:01 UTC] Creating isolated scope - Params: {"name":"No header title","class":"","id":""}, Vars: [], Final: {"name":"No header title","class":"","id":""}
[06-Oct-2025 13:11:01 UTC] Creating isolated scope - Params: {"name":"No header title","class":"","id":""}, Vars: [], Final: {"name":"No header title","class":"","id":""}
[06-Oct-2025 13:11:01 UTC] [2025-10-06T13:11:01+00:00] GET http://localhost:8000/ – 200 (14.58ms)
[06-Oct-2025 13:12:19 UTC] Parser stabilized after 2 iterations
[06-Oct-2025 13:12:19 UTC] Creating isolated scope - Params: [], Vars: [], Final: []
[06-Oct-2025 13:12:19 UTC] Creating isolated scope - Params: {"name":"No header title","class":"","id":""}, Vars: [], Final: {"name":"No header title","class":"","id":""}
[06-Oct-2025 13:12:19 UTC] Creating isolated scope - Params: {"name":"No header title","class":"","id":""}, Vars: [], Final: {"name":"No header title","class":"","id":""}
[06-Oct-2025 13:12:19 UTC] Creating isolated scope - Params: {"name":"No header title","class":"","id":""}, Vars: [], Final: {"name":"No header title","class":"","id":""}
[06-Oct-2025 13:12:19 UTC] [2025-10-06T13:12:19+00:00] GET http://localhost:8000/ – 200 (15.36ms)
[06-Oct-2025 13:12:47 UTC] Parser stabilized after 2 iterations
[06-Oct-2025 13:12:47 UTC] Creating isolated scope - Params: [], Vars: [], Final: []
[06-Oct-2025 13:12:47 UTC] Creating isolated scope - Params: {"name":"No header title","class":"","id":""}, Vars: [], Final: {"name":"No header title","class":"","id":""}
[06-Oct-2025 13:12:47 UTC] Creating isolated scope - Params: {"name":"No header title","class":"","id":""}, Vars: [], Final: {"name":"No header title","class":"","id":""}
[06-Oct-2025 13:12:47 UTC] Creating isolated scope - Params: {"name":"No header title","class":"","id":""}, Vars: [], Final: {"name":"No header title","class":"","id":""}
[06-Oct-2025 13:12:47 UTC] [2025-10-06T13:12:47+00:00] GET http://localhost:8000/ – 200 (15.30ms)
[06-Oct-2025 13:13:38 UTC] Parser stabilized after 2 iterations
[06-Oct-2025 13:13:38 UTC] Creating isolated scope - Params: [], Vars: [], Final: []
[06-Oct-2025 13:13:38 UTC] Creating isolated scope - Params: {"name":"No header title","class":"","id":""}, Vars: [], Final: {"name":"No header title","class":"","id":""}
[06-Oct-2025 13:13:38 UTC] Creating isolated scope - Params: {"name":"No header title","class":"","id":""}, Vars: [], Final: {"name":"No header title","class":"","id":""}
[06-Oct-2025 13:13:38 UTC] Creating isolated scope - Params: {"name":"No header title","class":"","id":""}, Vars: [], Final: {"name":"No header title","class":"","id":""}
[06-Oct-2025 13:13:38 UTC] [2025-10-06T13:13:38+00:00] GET http://localhost:8000/ – 200 (42.48ms)
[06-Oct-2025 13:14:36 UTC] Parser stabilized after 2 iterations
[06-Oct-2025 13:14:36 UTC] Creating isolated scope - Params: [], Vars: [], Final: []
[06-Oct-2025 13:14:36 UTC] Creating isolated scope - Params: {"name":"No header title","class":"","id":""}, Vars: [], Final: {"name":"No header title","class":"","id":""}
[06-Oct-2025 13:14:36 UTC] Creating isolated scope - Params: {"name":"No header title","class":"","id":""}, Vars: [], Final: {"name":"No header title","class":"","id":""}
[06-Oct-2025 13:14:36 UTC] Creating isolated scope - Params: {"name":"No header title","class":"","id":""}, Vars: [], Final: {"name":"No header title","class":"","id":""}
[06-Oct-2025 13:14:36 UTC] [2025-10-06T13:14:36+00:00] GET http://localhost:8000/ – 200 (24.52ms)
[06-Oct-2025 13:15:35 UTC] Parser stabilized after 2 iterations
[06-Oct-2025 13:15:35 UTC] Creating isolated scope - Params: [], Vars: [], Final: []
[06-Oct-2025 13:15:35 UTC] Creating isolated scope - Params: {"name":"No header title","class":"","id":""}, Vars: [], Final: {"name":"No header title","class":"","id":""}
[06-Oct-2025 13:15:35 UTC] Creating isolated scope - Params: {"name":"No header title","class":"","id":""}, Vars: [], Final: {"name":"No header title","class":"","id":""}
[06-Oct-2025 13:15:35 UTC] Creating isolated scope - Params: {"name":"No header title","class":"","id":""}, Vars: [], Final: {"name":"No header title","class":"","id":""}
[06-Oct-2025 13:15:35 UTC] [2025-10-06T13:15:35+00:00] GET http://localhost:8000/ – 200 (25.63ms)
[06-Oct-2025 13:16:22 UTC] Parser stabilized after 2 iterations
[06-Oct-2025 13:16:22 UTC] Creating isolated scope - Params: [], Vars: [], Final: []
[06-Oct-2025 13:16:22 UTC] Creating isolated scope - Params: {"name":"No header title","class":"","id":""}, Vars: [], Final: {"name":"No header title","class":"","id":""}
[06-Oct-2025 13:16:22 UTC] Creating isolated scope - Params: {"name":"No header title","class":"","id":""}, Vars: [], Final: {"name":"No header title","class":"","id":""}
[06-Oct-2025 13:16:22 UTC] Creating isolated scope - Params: {"name":"No header title","class":"","id":""}, Vars: [], Final: {"name":"No header title","class":"","id":""}
[06-Oct-2025 13:16:22 UTC] [2025-10-06T13:16:22+00:00] GET http://localhost:8000/ – 200 (13.15ms)
[06-Oct-2025 13:16:22 UTC] Parser stabilized after 2 iterations
[06-Oct-2025 13:16:22 UTC] Creating isolated scope - Params: [], Vars: [], Final: []
[06-Oct-2025 13:16:22 UTC] Creating isolated scope - Params: {"name":"No header title","class":"","id":""}, Vars: [], Final: {"name":"No header title","class":"","id":""}
[06-Oct-2025 13:16:22 UTC] Creating isolated scope - Params: {"name":"No header title","class":"","id":""}, Vars: [], Final: {"name":"No header title","class":"","id":""}
[06-Oct-2025 13:16:22 UTC] Creating isolated scope - Params: {"name":"No header title","class":"","id":""}, Vars: [], Final: {"name":"No header title","class":"","id":""}
[06-Oct-2025 13:16:22 UTC] [2025-10-06T13:16:22+00:00] GET http://localhost:8000/ – 200 (32.74ms)
[06-Oct-2025 13:16:57 UTC] Parser stabilized after 2 iterations
[06-Oct-2025 13:16:57 UTC] Creating isolated scope - Params: [], Vars: [], Final: []
[06-Oct-2025 13:16:57 UTC] Creating isolated scope - Params: {"name":"No header title","class":"","id":""}, Vars: {"class":"flex"}, Final: {"name":"No header title","class":"flex","id":""}
[06-Oct-2025 13:16:57 UTC] Creating isolated scope - Params: {"name":"No header title","class":"","id":""}, Vars: [], Final: {"name":"No header title","class":"","id":""}
[06-Oct-2025 13:16:57 UTC] Creating isolated scope - Params: {"name":"No header title","class":"","id":""}, Vars: [], Final: {"name":"No header title","class":"","id":""}
[06-Oct-2025 13:16:57 UTC] [2025-10-06T13:16:57+00:00] GET http://localhost:8000/ – 200 (24.43ms)
[06-Oct-2025 13:17:06 UTC] Parser stabilized after 2 iterations
[06-Oct-2025 13:17:06 UTC] Creating isolated scope - Params: [], Vars: [], Final: []
[06-Oct-2025 13:17:06 UTC] Creating isolated scope - Params: {"name":"No header title","class":"","id":""}, Vars: {"class":"flex flex-column"}, Final: {"name":"No header title","class":"flex flex-column","id":""}
[06-Oct-2025 13:17:06 UTC] Creating isolated scope - Params: {"name":"No header title","class":"","id":""}, Vars: [], Final: {"name":"No header title","class":"","id":""}
[06-Oct-2025 13:17:06 UTC] Creating isolated scope - Params: {"name":"No header title","class":"","id":""}, Vars: [], Final: {"name":"No header title","class":"","id":""}
[06-Oct-2025 13:17:06 UTC] [2025-10-06T13:17:06+00:00] GET http://localhost:8000/ – 200 (15.92ms)
[06-Oct-2025 13:17:12 UTC] Parser stabilized after 2 iterations
[06-Oct-2025 13:17:12 UTC] Creating isolated scope - Params: [], Vars: [], Final: []
[06-Oct-2025 13:17:12 UTC] Creating isolated scope - Params: {"name":"No header title","class":"","id":""}, Vars: {"class":"flex flex-row"}, Final: {"name":"No header title","class":"flex flex-row","id":""}
[06-Oct-2025 13:17:12 UTC] Creating isolated scope - Params: {"name":"No header title","class":"","id":""}, Vars: [], Final: {"name":"No header title","class":"","id":""}
[06-Oct-2025 13:17:12 UTC] Creating isolated scope - Params: {"name":"No header title","class":"","id":""}, Vars: [], Final: {"name":"No header title","class":"","id":""}
[06-Oct-2025 13:17:12 UTC] [2025-10-06T13:17:12+00:00] GET http://localhost:8000/ – 200 (32.11ms)
[06-Oct-2025 13:17:38 UTC] Parser stabilized after 2 iterations
[06-Oct-2025 13:17:38 UTC] Creating isolated scope - Params: [], Vars: [], Final: []
[06-Oct-2025 13:17:38 UTC] Creating isolated scope - Params: {"name":"No header title","class":"","id":""}, Vars: [], Final: {"name":"No header title","class":"","id":""}
[06-Oct-2025 13:17:38 UTC] Creating isolated scope - Params: {"name":"No header title","class":"","id":""}, Vars: [], Final: {"name":"No header title","class":"","id":""}
[06-Oct-2025 13:17:38 UTC] Creating isolated scope - Params: {"name":"No header title","class":"","id":""}, Vars: [], Final: {"name":"No header title","class":"","id":""}
[06-Oct-2025 13:17:38 UTC] [2025-10-06T13:17:38+00:00] GET http://localhost:8000/ – 200 (15.07ms)
[06-Oct-2025 13:18:24 UTC] Parser stabilized after 2 iterations
[06-Oct-2025 13:18:24 UTC] Creating isolated scope - Params: [], Vars: [], Final: []
[06-Oct-2025 13:18:24 UTC] Creating isolated scope - Params: {"name":"No header title","class":"","id":""}, Vars: [], Final: {"name":"No header title","class":"","id":""}
[06-Oct-2025 13:18:24 UTC] Creating isolated scope - Params: {"name":"No header title","class":"","id":""}, Vars: [], Final: {"name":"No header title","class":"","id":""}
[06-Oct-2025 13:18:24 UTC] Creating isolated scope - Params: {"name":"No header title","class":"","id":""}, Vars: [], Final: {"name":"No header title","class":"","id":""}
[06-Oct-2025 13:18:24 UTC] [2025-10-06T13:18:24+00:00] GET http://localhost:8000/ – 200 (23.59ms)
[06-Oct-2025 13:18:46 UTC] Parser stabilized after 2 iterations
[06-Oct-2025 13:18:46 UTC] Creating isolated scope - Params: [], Vars: [], Final: []
[06-Oct-2025 13:18:46 UTC] Creating isolated scope - Params: {"name":"No header title","class":"","id":""}, Vars: [], Final: {"name":"No header title","class":"","id":""}
[06-Oct-2025 13:18:46 UTC] Creating isolated scope - Params: {"name":"No header title","class":"","id":""}, Vars: [], Final: {"name":"No header title","class":"","id":""}
[06-Oct-2025 13:18:46 UTC] Creating isolated scope - Params: {"name":"No header title","class":"","id":""}, Vars: [], Final: {"name":"No header title","class":"","id":""}
[06-Oct-2025 13:18:46 UTC] [2025-10-06T13:18:46+00:00] GET http://localhost:8000/ – 200 (23.68ms)
[06-Oct-2025 13:19:11 UTC] Parser stabilized after 2 iterations
[06-Oct-2025 13:19:11 UTC] Creating isolated scope - Params: [], Vars: [], Final: []
[06-Oct-2025 13:19:11 UTC] Creating isolated scope - Params: {"name":"No header title","class":"","id":""}, Vars: [], Final: {"name":"No header title","class":"","id":""}
[06-Oct-2025 13:19:11 UTC] Creating isolated scope - Params: {"name":"No header title","class":"","id":""}, Vars: [], Final: {"name":"No header title","class":"","id":""}
[06-Oct-2025 13:19:11 UTC] Creating isolated scope - Params: {"name":"No header title","class":"","id":""}, Vars: [], Final: {"name":"No header title","class":"","id":""}
[06-Oct-2025 13:19:11 UTC] [2025-10-06T13:19:11+00:00] GET http://localhost:8000/ – 200 (24.77ms)
[06-Oct-2025 13:19:17 UTC] Parser stabilized after 2 iterations
[06-Oct-2025 13:19:17 UTC] Creating isolated scope - Params: [], Vars: [], Final: []
[06-Oct-2025 13:19:17 UTC] Creating isolated scope - Params: {"name":"No header title","class":"","id":""}, Vars: [], Final: {"name":"No header title","class":"","id":""}
[06-Oct-2025 13:19:17 UTC] Creating isolated scope - Params: {"name":"No header title","class":"","id":""}, Vars: [], Final: {"name":"No header title","class":"","id":""}
[06-Oct-2025 13:19:17 UTC] Creating isolated scope - Params: {"name":"No header title","class":"","id":""}, Vars: [], Final: {"name":"No header title","class":"","id":""}
[06-Oct-2025 13:19:17 UTC] [2025-10-06T13:19:17+00:00] GET http://localhost:8000/ – 200 (12.99ms)
[06-Oct-2025 13:20:04 UTC] Parser stabilized after 2 iterations
[06-Oct-2025 13:20:04 UTC] Creating isolated scope - Params: [], Vars: [], Final: []
[06-Oct-2025 13:20:04 UTC] Creating isolated scope - Params: {"name":"No header title","class":"","id":""}, Vars: [], Final: {"name":"No header title","class":"","id":""}
[06-Oct-2025 13:20:04 UTC] Creating isolated scope - Params: {"name":"No header title","class":"","id":""}, Vars: [], Final: {"name":"No header title","class":"","id":""}
[06-Oct-2025 13:20:04 UTC] Creating isolated scope - Params: {"name":"No header title","class":"","id":""}, Vars: [], Final: {"name":"No header title","class":"","id":""}
[06-Oct-2025 13:20:04 UTC] [2025-10-06T13:20:04+00:00] GET http://localhost:8000/ – 200 (11.29ms)
[06-Oct-2025 13:20:24 UTC] Parser stabilized after 2 iterations
[06-Oct-2025 13:20:24 UTC] Creating isolated scope - Params: [], Vars: [], Final: []
[06-Oct-2025 13:20:24 UTC] Creating isolated scope - Params: {"name":"No header title","class":"","id":""}, Vars: [], Final: {"name":"No header title","class":"","id":""}
[06-Oct-2025 13:20:24 UTC] Creating isolated scope - Params: {"name":"No header title","class":"","id":""}, Vars: [], Final: {"name":"No header title","class":"","id":""}
[06-Oct-2025 13:20:24 UTC] Creating isolated scope - Params: {"name":"No header title","class":"","id":""}, Vars: [], Final: {"name":"No header title","class":"","id":""}
[06-Oct-2025 13:20:24 UTC] [2025-10-06T13:20:24+00:00] GET http://localhost:8000/ – 200 (15.51ms)
[06-Oct-2025 19:33:03 UTC] [2025-10-06T19:33:03+00:00] GET http://localhost:8000/ – 200 (63.70ms)
[06-Oct-2025 19:33:06 UTC] [2025-10-06T19:33:06+00:00] GET http://localhost:8000/ – 200 (40.92ms)
[06-Oct-2025 19:33:08 UTC] [2025-10-06T19:33:08+00:00] GET http://localhost:8000/ – 200 (51.64ms)
[06-Oct-2025 19:33:11 UTC] [2025-10-06T19:33:11+00:00] GET http://localhost:8000/ – 200 (28.77ms)
[06-Oct-2025 19:33:16 UTC] [2025-10-06T19:33:16+00:00] GET http://localhost:8000/ – 200 (52.39ms)
[06-Oct-2025 19:33:43 UTC] [2025-10-06T19:33:43+00:00] GET http://localhost:8000/ – 200 (56.05ms)
